<?xml version="1.0" encoding="UTF-8"?>
<testsuite name="com.dam.demo.model.upgrade.UpgradeUtilTest" tests="1" skipped="0" failures="0" errors="0" timestamp="2025-03-14T15:19:59" hostname="LAPTOP-VAVGMHMA" time="0.045">
  <properties/>
  <testcase name="sanity()" classname="com.dam.demo.model.upgrade.UpgradeUtilTest" time="0.045"/>
  <system-out><![CDATA[]]></system-out>
  <system-err><![CDATA[]]></system-err>
</testsuite>
